<?xml version="1.0" encoding="UTF-8"?>
<!-- Generated by org.testng.reporters.JUnitXMLReporter -->
<testsuite hostname="Erka-PC" name="Default test" tests="14" failures="0" timestamp="19 Jun 2014 08:00:39 GMT" time="0.898" errors="0">
  <testcase name="divTest" time="0.067" classname="Testing.BTest"/>
  <testcase name="mulTest" time="0.001" classname="Testing.BTest"/>
  <testcase name="DStringTest" time="0.001" classname="Testing.PowTesting"/>
  <testcase name="powtest" time="0.001" classname="Testing.PowTesting"/>
  <testcase name="addtest" time="0.002" classname="Testing.ATest"/>
  <testcase name="subTest" time="0.001" classname="Testing.ATest"/>
  <testcase name="addTest" time="0.001" classname="Testing.CTest"/>
  <testcase name="divTest" time="0.003" classname="Testing.CTest"/>
  <testcase name="modTest" time="0.001" classname="Testing.CTest"/>
  <testcase name="mulTest" time="0.0" classname="Testing.CTest"/>
  <testcase name="sqrtTest" time="0.001" classname="Testing.CTest"/>
  <testcase name="subTest" time="0.001" classname="Testing.CTest"/>
  <testcase name="ListTest" time="0.695" classname="Testing.ETest"/>
  <testcase name="containsTest" time="0.003" classname="Testing.ETest"/>
</testsuite> <!-- Default test -->
