<?xml version="1.0" encoding="UTF-8"?>
<testng-results skipped="0" failed="0" total="14" passed="14">
  <reporter-output>
  </reporter-output>
  <suite name="Default suite" duration-ms="898" started-at="2014-06-19T08:00:38Z" finished-at="2014-06-19T08:00:39Z">
    <groups>
      <group name="C">
        <method signature="CTest.addTest()[pri:0, instance:Testing.CTest@bbf4061]" name="addTest" class="Testing.CTest"/>
        <method signature="CTest.divTest()[pri:0, instance:Testing.CTest@bbf4061]" name="divTest" class="Testing.CTest"/>
        <method signature="CTest.modTest()[pri:0, instance:Testing.CTest@bbf4061]" name="modTest" class="Testing.CTest"/>
        <method signature="CTest.mulTest()[pri:0, instance:Testing.CTest@bbf4061]" name="mulTest" class="Testing.CTest"/>
        <method signature="CTest.sqrtTest()[pri:0, instance:Testing.CTest@bbf4061]" name="sqrtTest" class="Testing.CTest"/>
        <method signature="CTest.subTest()[pri:0, instance:Testing.CTest@bbf4061]" name="subTest" class="Testing.CTest"/>
      </group> <!-- C -->
      <group name="BTest">
        <method signature="BTest.divTest()[pri:0, instance:Testing.BTest@f598d5f]" name="divTest" class="Testing.BTest"/>
        <method signature="BTest.mulTest()[pri:0, instance:Testing.BTest@f598d5f]" name="mulTest" class="Testing.BTest"/>
      </group> <!-- BTest -->
      <group name="ETest">
        <method signature="ETest.ListTest()[pri:0, instance:Testing.ETest@391ba64d]" name="ListTest" class="Testing.ETest"/>
        <method signature="ETest.containsTest()[pri:0, instance:Testing.ETest@391ba64d]" name="containsTest" class="Testing.ETest"/>
      </group> <!-- ETest -->
      <group name="ATest">
        <method signature="ATest.addtest()[pri:0, instance:Testing.ATest@46432685]" name="addtest" class="Testing.ATest"/>
        <method signature="ATest.subTest()[pri:0, instance:Testing.ATest@46432685]" name="subTest" class="Testing.ATest"/>
      </group> <!-- ATest -->
      <group name="Pow">
        <method signature="PowTesting.DStringTest()[pri:0, instance:Testing.PowTesting@629609cc]" name="DStringTest" class="Testing.PowTesting"/>
        <method signature="PowTesting.powtest()[pri:0, instance:Testing.PowTesting@629609cc]" name="powtest" class="Testing.PowTesting"/>
      </group> <!-- Pow -->
    </groups>
    <test name="Default test" duration-ms="898" started-at="2014-06-19T08:00:38Z" finished-at="2014-06-19T08:00:39Z">
      <class name="Testing.ETest">
        <test-method status="PASS" signature="setUp()[pri:0, instance:Testing.ETest@391ba64d]" name="setUp" is-config="true" duration-ms="0" started-at="2014-06-19T15:00:38Z" finished-at="2014-06-19T15:00:38Z">
          <reporter-output>
          </reporter-output>
        </test-method> <!-- setUp -->
        <test-method status="PASS" signature="ListTest()[pri:0, instance:Testing.ETest@391ba64d]" name="ListTest" duration-ms="695" started-at="2014-06-19T15:00:38Z" finished-at="2014-06-19T15:00:39Z">
          <reporter-output>
          </reporter-output>
        </test-method> <!-- ListTest -->
        <test-method status="PASS" signature="containsTest()[pri:0, instance:Testing.ETest@391ba64d]" name="containsTest" duration-ms="3" started-at="2014-06-19T15:00:39Z" finished-at="2014-06-19T15:00:39Z">
          <reporter-output>
          </reporter-output>
        </test-method> <!-- containsTest -->
      </class> <!-- Testing.ETest -->
      <class name="Testing.BTest">
        <test-method status="PASS" signature="setUp()[pri:0, instance:Testing.BTest@f598d5f]" name="setUp" is-config="true" duration-ms="70" started-at="2014-06-19T15:00:38Z" finished-at="2014-06-19T15:00:38Z">
          <reporter-output>
          </reporter-output>
        </test-method> <!-- setUp -->
        <test-method status="PASS" signature="divTest()[pri:0, instance:Testing.BTest@f598d5f]" name="divTest" duration-ms="67" started-at="2014-06-19T15:00:38Z" finished-at="2014-06-19T15:00:38Z">
          <reporter-output>
          </reporter-output>
        </test-method> <!-- divTest -->
        <test-method status="PASS" signature="mulTest()[pri:0, instance:Testing.BTest@f598d5f]" name="mulTest" duration-ms="1" started-at="2014-06-19T15:00:38Z" finished-at="2014-06-19T15:00:38Z">
          <reporter-output>
          </reporter-output>
        </test-method> <!-- mulTest -->
      </class> <!-- Testing.BTest -->
      <class name="Testing.PowTesting">
        <test-method status="PASS" signature="DStringTest()[pri:0, instance:Testing.PowTesting@629609cc]" name="DStringTest" duration-ms="1" started-at="2014-06-19T15:00:38Z" finished-at="2014-06-19T15:00:38Z">
          <reporter-output>
          </reporter-output>
        </test-method> <!-- DStringTest -->
        <test-method status="PASS" signature="setUp()[pri:0, instance:Testing.PowTesting@629609cc]" name="setUp" is-config="true" duration-ms="0" started-at="2014-06-19T15:00:38Z" finished-at="2014-06-19T15:00:38Z">
          <reporter-output>
          </reporter-output>
        </test-method> <!-- setUp -->
        <test-method status="PASS" signature="powtest()[pri:0, instance:Testing.PowTesting@629609cc]" name="powtest" duration-ms="1" started-at="2014-06-19T15:00:38Z" finished-at="2014-06-19T15:00:38Z">
          <reporter-output>
          </reporter-output>
        </test-method> <!-- powtest -->
      </class> <!-- Testing.PowTesting -->
      <class name="Testing.CTest">
        <test-method status="PASS" signature="setUp()[pri:0, instance:Testing.CTest@bbf4061]" name="setUp" is-config="true" duration-ms="0" started-at="2014-06-19T15:00:38Z" finished-at="2014-06-19T15:00:38Z">
          <reporter-output>
          </reporter-output>
        </test-method> <!-- setUp -->
        <test-method status="PASS" signature="addTest()[pri:0, instance:Testing.CTest@bbf4061]" name="addTest" duration-ms="1" started-at="2014-06-19T15:00:38Z" finished-at="2014-06-19T15:00:38Z">
          <reporter-output>
          </reporter-output>
        </test-method> <!-- addTest -->
        <test-method status="PASS" signature="divTest()[pri:0, instance:Testing.CTest@bbf4061]" name="divTest" duration-ms="3" started-at="2014-06-19T15:00:38Z" finished-at="2014-06-19T15:00:38Z">
          <reporter-output>
          </reporter-output>
        </test-method> <!-- divTest -->
        <test-method status="PASS" signature="modTest()[pri:0, instance:Testing.CTest@bbf4061]" name="modTest" duration-ms="1" started-at="2014-06-19T15:00:38Z" finished-at="2014-06-19T15:00:38Z">
          <reporter-output>
          </reporter-output>
        </test-method> <!-- modTest -->
        <test-method status="PASS" signature="mulTest()[pri:0, instance:Testing.CTest@bbf4061]" name="mulTest" duration-ms="0" started-at="2014-06-19T15:00:38Z" finished-at="2014-06-19T15:00:38Z">
          <reporter-output>
          </reporter-output>
        </test-method> <!-- mulTest -->
        <test-method status="PASS" signature="sqrtTest()[pri:0, instance:Testing.CTest@bbf4061]" name="sqrtTest" duration-ms="1" started-at="2014-06-19T15:00:38Z" finished-at="2014-06-19T15:00:38Z">
          <reporter-output>
          </reporter-output>
        </test-method> <!-- sqrtTest -->
        <test-method status="PASS" signature="subTest()[pri:0, instance:Testing.CTest@bbf4061]" name="subTest" duration-ms="1" started-at="2014-06-19T15:00:38Z" finished-at="2014-06-19T15:00:38Z">
          <reporter-output>
          </reporter-output>
        </test-method> <!-- subTest -->
      </class> <!-- Testing.CTest -->
      <class name="Testing.ATest">
        <test-method status="PASS" signature="setUp()[pri:0, instance:Testing.ATest@46432685]" name="setUp" is-config="true" duration-ms="1" started-at="2014-06-19T15:00:38Z" finished-at="2014-06-19T15:00:38Z">
          <reporter-output>
          </reporter-output>
        </test-method> <!-- setUp -->
        <test-method status="PASS" signature="addtest()[pri:0, instance:Testing.ATest@46432685]" name="addtest" duration-ms="2" started-at="2014-06-19T15:00:38Z" finished-at="2014-06-19T15:00:38Z">
          <reporter-output>
          </reporter-output>
        </test-method> <!-- addtest -->
        <test-method status="PASS" signature="subTest()[pri:0, instance:Testing.ATest@46432685]" name="subTest" duration-ms="1" started-at="2014-06-19T15:00:38Z" finished-at="2014-06-19T15:00:38Z">
          <reporter-output>
          </reporter-output>
        </test-method> <!-- subTest -->
      </class> <!-- Testing.ATest -->
    </test> <!-- Default test -->
  </suite> <!-- Default suite -->
</testng-results>
